<?xml version="1.0" encoding="UTF-8"?>
<!-- Generated by org.testng.reporters.JUnitXMLReporter -->
<testsuite ignored="2" hostname="DESKTOP-NNGQNDK" failures="0" tests="6" name="Default test" time="16.784" errors="0" timestamp="2022-07-25T09:15:13 IST">
  <testcase classname="com.sgtesting.scenarios.CreateUserScenarioDemo" name="launchBrowser" time="1.786"/>
  <testcase classname="com.sgtesting.scenarios.CreateUserScenarioDemo" name="navigate" time="6.108"/>
  <testcase classname="com.sgtesting.scenarios.CreateUserScenarioDemo" name="login" time="4.282"/>
  <testcase classname="com.sgtesting.scenarios.CreateUserScenarioDemo" name="minimizeFlyOutWindow" time="2.054"/>
  <testcase classname="com.sgtesting.scenarios.CreateUserScenarioDemo" name="logout" time="2.227"/>
  <testcase classname="com.sgtesting.scenarios.CreateUserScenarioDemo" name="closeApplication" time="0.277"/>
  <testcase classname="com.sgtesting.scenarios.CreateUserScenarioDemo" name="deleteUser" time="0.0">
    <ignored/>
  </testcase> <!-- deleteUser -->
  <testcase classname="com.sgtesting.scenarios.CreateUserScenarioDemo" name="createUser" time="0.0">
    <ignored/>
  </testcase> <!-- createUser -->
</testsuite> <!-- Default test -->
