<?xml version="1.0" encoding="UTF-8"?>
<testng-results skipped="0" failed="0" ignored="0" total="2" passed="2">
  <reporter-output>
  </reporter-output>
  <suite name="Default suite" duration-ms="85068" started-at="2022-08-14T08:35:56 IST" finished-at="2022-08-14T08:37:21 IST">
    <groups>
    </groups>
    <test name="Default test" duration-ms="85068" started-at="2022-08-14T08:35:56 IST" finished-at="2022-08-14T08:37:21 IST">
      <class name="com.sgtesting.actitime.testsuite.DriverScript">
        <test-method status="PASS" signature="setUpClass()[pri:0, instance:com.sgtesting.actitime.testsuite.DriverScript@52525845]" name="setUpClass" is-config="true" duration-ms="276" started-at="2022-08-14T08:35:56 IST" finished-at="2022-08-14T08:35:56 IST">
          <reporter-output>
          </reporter-output>
        </test-method> <!-- setUpClass -->
        <test-method status="PASS" signature="feature(cucumber.api.testng.CucumberFeatureWrapper)[pri:0, instance:com.sgtesting.actitime.testsuite.DriverScript@52525845]" name="feature" duration-ms="25571" started-at="2022-08-14T08:35:56 IST" data-provider="features" finished-at="2022-08-14T08:36:22 IST">
          <params>
            <param index="0">
              <value>
                <![CDATA[Login and Logout functionality]]>
              </value>
            </param>
          </params>
          <reporter-output>
          </reporter-output>
        </test-method> <!-- feature -->
        <test-method status="PASS" signature="feature(cucumber.api.testng.CucumberFeatureWrapper)[pri:0, instance:com.sgtesting.actitime.testsuite.DriverScript@52525845]" name="feature" duration-ms="58824" started-at="2022-08-14T08:36:22 IST" data-provider="features" finished-at="2022-08-14T08:37:21 IST">
          <params>
            <param index="0">
              <value>
                <![CDATA[Create User Scenarios]]>
              </value>
            </param>
          </params>
          <reporter-output>
          </reporter-output>
        </test-method> <!-- feature -->
        <test-method status="PASS" signature="tearDownClass()[pri:0, instance:com.sgtesting.actitime.testsuite.DriverScript@52525845]" name="tearDownClass" is-config="true" duration-ms="271" started-at="2022-08-14T08:37:21 IST" finished-at="2022-08-14T08:37:21 IST">
          <reporter-output>
          </reporter-output>
        </test-method> <!-- tearDownClass -->
        <test-method status="PASS" signature="writeExtentReport()[pri:0, instance:com.sgtesting.actitime.testsuite.DriverScript@52525845]" name="writeExtentReport" is-config="true" duration-ms="15" started-at="2022-08-14T08:37:21 IST" finished-at="2022-08-14T08:37:21 IST">
          <reporter-output>
          </reporter-output>
        </test-method> <!-- writeExtentReport -->
      </class> <!-- com.sgtesting.actitime.testsuite.DriverScript -->
    </test> <!-- Default test -->
  </suite> <!-- Default suite -->
</testng-results>
