<?xml version="1.0" encoding="UTF-8"?>
<testng-results ignored="2" total="8" passed="6" failed="0" skipped="0">
  <reporter-output>
  </reporter-output>
  <suite started-at="2022-07-25T09:14:57 IST" name="Default suite" finished-at="2022-07-25T09:15:13 IST" duration-ms="16784">
    <groups>
    </groups>
    <test started-at="2022-07-25T09:14:57 IST" name="Default test" finished-at="2022-07-25T09:15:13 IST" duration-ms="16784">
      <class name="com.sgtesting.scenarios.CreateUserScenarioDemo">
        <test-method signature="launchBrowser()[pri:1, instance:com.sgtesting.scenarios.CreateUserScenarioDemo@63a12c68]" started-at="2022-07-25T09:14:57 IST" name="launchBrowser" finished-at="2022-07-25T09:14:58 IST" duration-ms="1786" status="PASS">
          <reporter-output>
          </reporter-output>
        </test-method> <!-- launchBrowser -->
        <test-method signature="navigate()[pri:2, instance:com.sgtesting.scenarios.CreateUserScenarioDemo@63a12c68]" started-at="2022-07-25T09:14:58 IST" name="navigate" finished-at="2022-07-25T09:15:04 IST" duration-ms="6108" status="PASS">
          <reporter-output>
          </reporter-output>
        </test-method> <!-- navigate -->
        <test-method signature="login()[pri:3, instance:com.sgtesting.scenarios.CreateUserScenarioDemo@63a12c68]" started-at="2022-07-25T09:15:04 IST" name="login" finished-at="2022-07-25T09:15:09 IST" duration-ms="4282" status="PASS">
          <reporter-output>
          </reporter-output>
        </test-method> <!-- login -->
        <test-method signature="minimizeFlyOutWindow()[pri:4, instance:com.sgtesting.scenarios.CreateUserScenarioDemo@63a12c68]" started-at="2022-07-25T09:15:09 IST" name="minimizeFlyOutWindow" finished-at="2022-07-25T09:15:11 IST" duration-ms="2054" status="PASS">
          <reporter-output>
          </reporter-output>
        </test-method> <!-- minimizeFlyOutWindow -->
        <test-method signature="logout()[pri:7, instance:com.sgtesting.scenarios.CreateUserScenarioDemo@63a12c68]" started-at="2022-07-25T09:15:11 IST" name="logout" finished-at="2022-07-25T09:15:13 IST" duration-ms="2227" status="PASS">
          <reporter-output>
          </reporter-output>
        </test-method> <!-- logout -->
        <test-method signature="closeApplication()[pri:8, instance:com.sgtesting.scenarios.CreateUserScenarioDemo@63a12c68]" started-at="2022-07-25T09:15:13 IST" name="closeApplication" finished-at="2022-07-25T09:15:13 IST" duration-ms="277" status="PASS">
          <reporter-output>
          </reporter-output>
        </test-method> <!-- closeApplication -->
      </class> <!-- com.sgtesting.scenarios.CreateUserScenarioDemo -->
    </test> <!-- Default test -->
  </suite> <!-- Default suite -->
</testng-results>
